Arguments: 
  /Users/hansikadhawan/.nvm/versions/node/v12.16.2/bin/node /Users/hansikadhawan/.nvm/versions/node/v12.16.2/bin/yarn install

PATH: 
  /Users/hansikadhawan/.rvm/gems/ruby-3.0.2/bin:/Users/hansikadhawan/.rvm/gems/ruby-3.0.2@global/bin:/Users/hansikadhawan/.rvm/rubies/ruby-3.0.2/bin:/Users/hansikadhawan/.rvm/bin:/Users/hansikadhawan/.nvm/versions/node/v12.16.2/bin:/Users/hansikadhawan/.rbenv/shims:/usr/bin:/bin:/usr/sbin:/sbin:/Users/hansikadhawan/bin:/usr/local/bin:/usr/bin:/bin:/usr/sbin:/sbin:/usr/local/bin:/usr/bin:/bin:/usr/sbin:/sbin

Yarn version: 
  1.22.11

Node version: 
  12.16.2

Platform: 
  darwin x64

Trace: 
  SyntaxError: /Users/hansikadhawan/Documents/crownstack/kutumb/package.json: Unexpected token } in JSON at position 871
      at JSON.parse (<anonymous>)
      at /Users/hansikadhawan/.nvm/versions/node/v12.16.2/lib/node_modules/yarn/lib/cli.js:1625:59
      at Generator.next (<anonymous>)
      at step (/Users/hansikadhawan/.nvm/versions/node/v12.16.2/lib/node_modules/yarn/lib/cli.js:310:30)
      at /Users/hansikadhawan/.nvm/versions/node/v12.16.2/lib/node_modules/yarn/lib/cli.js:321:13

npm manifest: 
  {
    "name": "app",
    "private": "true",
    "module": "commonjs",
    "dependencies": {
      "@hotwired/stimulus": "3.0.1",
      "@hotwired/turbo": "7.1.0",
      "@rails/actioncable": "^7.0.2",
      "@rails/actiontext": "^7.0.0",
      "@tailwindcss/forms": "0.4.0",
      "@tailwindcss/line-clamp": "0.3.0",
      "esbuild": "^0.14.7",
      "stimulus": "https://github.com/stimulusreflex/stimulus/raw/master/stimulus-v3.0.0.tgz",
      "stimulus_reflex": "3.5.0-pre8",
      "trix": "^1.3.1",
      "tailwindcss": "^3.0.1"
    },
    "scripts": {
      "build": "esbuild app/javascript/*.* --bundle --outdir=app/assets/builds",
      "build:css": "tailwindcss -i ./app/assets/stylesheets/application.tailwind.css -o ./app/assets/builds/application.css"
    },
    "engines": {
      "node": "12.16.2",
      "npm": "7.6.0",
      "yarn": "1.22.11"
    },
    "devDependencies": {
      "autoprefixer": "^10.4.7",
    }
  }

yarn manifest: 
  No manifest

Lockfile: 
  No lockfile
